===============================================================================
Sun Jan 24 02:44:27 GMT Standard Time 2021
-------------------------------------------------------------------------------
Script 'Scene_Main' line 13: Errno::ENOENT occured.

No such file or directory - Data/Animations.rxdata

Backtrace:
'Scene_Main' line 13 in `load_data'
'Scene_Main' line 13 in `main_variable'
'SDK::Scene_Base' line 39 in `main'
'Main' line 12

===============================================================================
Sun Nov 05 17:46:09 GMT Standard Time 2023
-------------------------------------------------------------------------------
Collecting map data
'Collecting map data' on frame 0
'Collecting map data' on frame 1
'Collecting map data' on frame 2
'Collecting map data' on frame 3
'Collecting map data' on frame 4
'Collecting map data' on frame 5
'Collecting map data' on frame 6
'Collecting map data' on frame 7
'Collecting map data' on frame 8
'Collecting map data' on frame 9
'Collecting map data' on frame 10
'Collecting map data' on frame 11
'Collecting map data' on frame 12
'Collecting map data' on frame 13
'Collecting map data' on frame 14
'Collecting map data' on frame 15
'Collecting map data' on frame 16
'Collecting map data' on frame 17
'Collecting map data' on frame 18
'Collecting map data' on frame 19
'Collecting map data' on frame 20
'Collecting map data' on frame 21
'Collecting map data' on frame 22
'Collecting map data' on frame 23
'Collecting map data' on frame 24
'Collecting map data' on frame 25
'Collecting map data' on frame 26
'Collecting map data' on frame 27
'Collecting map data' on frame 28
'Collecting map data' on frame 29
'Collecting map data' on frame 30
'Collecting map data' on frame 31
'Collecting map data' on frame 32
'Collecting map data' on frame 33
'Collecting map data' on frame 34
'Collecting map data' on frame 35
'Collecting map data' on frame 36
'Collecting map data' on frame 37
'Collecting map data' on frame 38
'Collecting map data' on frame 39
'Collecting map data' on frame 40
'Collecting map data' on frame 41
'Collecting map data' on frame 42
'Collecting map data' on frame 43
'Collecting map data' on frame 44
'Collecting map data' on frame 45
'Collecting map data' on frame 46
'Collecting map data' on frame 47
'Collecting map data' on frame 48
'Collecting map data' on frame 49
'Collecting map data' on frame 50
'Collecting map data' on frame 51
'Collecting map data' on frame 52
'Collecting map data' on frame 53
'Collecting map data' on frame 54
'Collecting map data' on frame 55
'Collecting map data' on frame 56
'Collecting map data' on frame 57
'Collecting map data' on frame 58
'Collecting map data' on frame 59
'Collecting map data' on frame 60
'Collecting map data' on frame 61
'Collecting map data' on frame 62
'Collecting map data' on frame 63
'Collecting map data' on frame 64
'Collecting map data' on frame 65
'Collecting map data' on frame 66
'Collecting map data' on frame 67
'Collecting map data' on frame 68
'Collecting map data' on frame 69
'Collecting map data' on frame 70
'Collecting map data' on frame 71
'Collecting map data' on frame 72
'Collecting map data' on frame 73
'Collecting map data' on frame 74
'Collecting map data' on frame 75
'Collecting map data' on frame 76
'Collecting map data' on frame 77
'Collecting map data' on frame 78
'Collecting map data' on frame 79
'Collecting map data' on frame 80
'Collecting map data' on frame 81
'Collecting map data' on frame 82
'Collecting map data' on frame 83
'Collecting map data' on frame 84
'Collecting map data' on frame 85
'Collecting map data' on frame 86
'Collecting map data' on frame 87
'Collecting map data' on frame 88
'Collecting map data' on frame 89
'Collecting map data' on frame 90
'Collecting map data' on frame 91
'Collecting map data' on frame 92
'Collecting map data' on frame 93
'Collecting map data' on frame 94
'Collecting map data' on frame 95
'Collecting map data' on frame 96
'Collecting map data' on frame 97
'Collecting map data' on frame 98
'Collecting map data' on frame 99
'Collecting map data' on frame 100
Drawing preview
'Drawing preview' on frame 0
'Drawing preview' on frame 1000
'Drawing preview' on frame 2000
Saving "\PN's house"
'Saving "\PN's house"' on frame 0
Script 'SDK' line 0: SystemExit occured.

(eval):129:in `exit'exit

Backtrace:
'SDK' line 0(eval) 129:in `update'
'SDK' line 0(eval) 129:in `update'
'SDK::Scene_Base' line 110 in `update_modules'
'SDK::Scene_Base' line 91 in `main_loop'
'SDK::Scene_Base' line 47 in `main'
'SDK::Scene_Base' line 46 in `loop'
'SDK::Scene_Base' line 49 in `main'
'Main' line 12

===============================================================================
Sun Nov 05 17:56:19 GMT Standard Time 2023
-------------------------------------------------------------------------------
Script 'Game_Event' line 197: NoMethodError occured.

undefined method `x' for nil:NilClass

Backtrace:
'Game_Event' line 197 in `check_event_trigger_auto'
'Game_Event' line 174 in `refresh'
'Game_Event' line 31 in `initialize'
'Game_Map' line 76 in `new'
'Game_Map' line 76 in `setup'
'Game_Map' line 75 in `each'
'Game_Map' line 75 in `setup'
'Scene_Main' line 205 in `generate'
'Scene_Main' line 127 in `update_top'
'Scene_Main' line 95 in `update'
'SDK::Scene_Base' line 104 in `main_loop'
'SDK::Scene_Base' line 47 in `main'
'SDK::Scene_Base' line 46 in `loop'
'SDK::Scene_Base' line 49 in `main'
'Main' line 12

===============================================================================
Wed Jan 31 23:32:15 GMT Standard Time 2024
-------------------------------------------------------------------------------
Script 'SDK' line 0: SystemExit occured.

(eval):129:in `exit'exit

Backtrace:
'SDK' line 0(eval) 129:in `update'
'SDK' line 0(eval) 129:in `update'
'SDK::Scene_Base' line 110 in `update_modules'
'SDK::Scene_Base' line 91 in `main_loop'
'SDK::Scene_Base' line 47 in `main'
'SDK::Scene_Base' line 46 in `loop'
'SDK::Scene_Base' line 49 in `main'
'Main' line 12

===============================================================================
Wed Jan 31 23:33:03 GMT Standard Time 2024
-------------------------------------------------------------------------------
Collecting map data
'Collecting map data' on frame 0
'Collecting map data' on frame 1
'Collecting map data' on frame 2
'Collecting map data' on frame 3
'Collecting map data' on frame 4
'Collecting map data' on frame 5
'Collecting map data' on frame 6
'Collecting map data' on frame 7
'Collecting map data' on frame 8
'Collecting map data' on frame 9
'Collecting map data' on frame 10
'Collecting map data' on frame 11
'Collecting map data' on frame 12
'Collecting map data' on frame 13
'Collecting map data' on frame 14
'Collecting map data' on frame 15
'Collecting map data' on frame 16
'Collecting map data' on frame 17
'Collecting map data' on frame 18
'Collecting map data' on frame 19
'Collecting map data' on frame 20
'Collecting map data' on frame 21
'Collecting map data' on frame 22
'Collecting map data' on frame 23
'Collecting map data' on frame 24
'Collecting map data' on frame 25
'Collecting map data' on frame 26
'Collecting map data' on frame 27
'Collecting map data' on frame 28
'Collecting map data' on frame 29
'Collecting map data' on frame 30
'Collecting map data' on frame 31
'Collecting map data' on frame 32
'Collecting map data' on frame 33
'Collecting map data' on frame 34
'Collecting map data' on frame 35
'Collecting map data' on frame 36
'Collecting map data' on frame 37
'Collecting map data' on frame 38
'Collecting map data' on frame 39
'Collecting map data' on frame 40
'Collecting map data' on frame 41
'Collecting map data' on frame 42
'Collecting map data' on frame 43
'Collecting map data' on frame 44
'Collecting map data' on frame 45
'Collecting map data' on frame 46
'Collecting map data' on frame 47
'Collecting map data' on frame 48
'Collecting map data' on frame 49
'Collecting map data' on frame 50
'Collecting map data' on frame 51
'Collecting map data' on frame 52
'Collecting map data' on frame 53
'Collecting map data' on frame 54
'Collecting map data' on frame 55
'Collecting map data' on frame 56
'Collecting map data' on frame 57
'Collecting map data' on frame 58
'Collecting map data' on frame 59
'Collecting map data' on frame 60
Drawing preview
'Drawing preview' on frame 0
'Drawing preview' on frame 1000
'Drawing preview' on frame 2000
'Drawing preview' on frame 3000
Saving "Fenne Ruins"
'Saving "Fenne Ruins"' on frame 0
Script 'SDK' line 0: SystemExit occured.

(eval):129:in `exit'exit

Backtrace:
'SDK' line 0(eval) 129:in `update'
'SDK' line 0(eval) 129:in `update'
'SDK::Scene_Base' line 110 in `update_modules'
'SDK::Scene_Base' line 91 in `main_loop'
'SDK::Scene_Base' line 47 in `main'
'SDK::Scene_Base' line 46 in `loop'
'SDK::Scene_Base' line 49 in `main'
'Main' line 12

===============================================================================
Thu Feb 01 00:35:29 GMT Standard Time 2024
-------------------------------------------------------------------------------
Collecting map data
'Collecting map data' on frame 0
'Collecting map data' on frame 1
'Collecting map data' on frame 2
'Collecting map data' on frame 3
'Collecting map data' on frame 4
'Collecting map data' on frame 5
'Collecting map data' on frame 6
'Collecting map data' on frame 7
'Collecting map data' on frame 8
'Collecting map data' on frame 9
'Collecting map data' on frame 10
'Collecting map data' on frame 11
'Collecting map data' on frame 12
'Collecting map data' on frame 13
'Collecting map data' on frame 14
'Collecting map data' on frame 15
'Collecting map data' on frame 16
'Collecting map data' on frame 17
'Collecting map data' on frame 18
'Collecting map data' on frame 19
'Collecting map data' on frame 20
'Collecting map data' on frame 21
'Collecting map data' on frame 22
'Collecting map data' on frame 23
'Collecting map data' on frame 24
'Collecting map data' on frame 25
'Collecting map data' on frame 26
'Collecting map data' on frame 27
'Collecting map data' on frame 28
'Collecting map data' on frame 29
'Collecting map data' on frame 30
'Collecting map data' on frame 31
'Collecting map data' on frame 32
'Collecting map data' on frame 33
'Collecting map data' on frame 34
'Collecting map data' on frame 35
'Collecting map data' on frame 36
'Collecting map data' on frame 37
'Collecting map data' on frame 38
'Collecting map data' on frame 39
'Collecting map data' on frame 40
'Collecting map data' on frame 41
'Collecting map data' on frame 42
'Collecting map data' on frame 43
'Collecting map data' on frame 44
'Collecting map data' on frame 45
'Collecting map data' on frame 46
'Collecting map data' on frame 47
'Collecting map data' on frame 48
'Collecting map data' on frame 49
'Collecting map data' on frame 50
'Collecting map data' on frame 51
'Collecting map data' on frame 52
'Collecting map data' on frame 53
'Collecting map data' on frame 54
'Collecting map data' on frame 55
'Collecting map data' on frame 56
'Collecting map data' on frame 57
'Collecting map data' on frame 58
'Collecting map data' on frame 59
'Collecting map data' on frame 60
Drawing preview
'Drawing preview' on frame 0
'Drawing preview' on frame 1000
'Drawing preview' on frame 2000
'Drawing preview' on frame 3000
Saving "Fenne Ruins"
'Saving "Fenne Ruins"' on frame 0
Script 'SDK' line 0: SystemExit occured.

(eval):129:in `exit'exit

Backtrace:
'SDK' line 0(eval) 129:in `update'
'SDK' line 0(eval) 129:in `update'
'SDK::Scene_Base' line 110 in `update_modules'
'SDK::Scene_Base' line 91 in `main_loop'
'SDK::Scene_Base' line 47 in `main'
'SDK::Scene_Base' line 46 in `loop'
'SDK::Scene_Base' line 49 in `main'
'Main' line 12

===============================================================================
Sun Feb 04 00:24:53 GMT Standard Time 2024
-------------------------------------------------------------------------------
Script 'Game_Event' line 197: NoMethodError occured.

undefined method `x' for nil:NilClass

Backtrace:
'Game_Event' line 197 in `check_event_trigger_auto'
'Game_Event' line 174 in `refresh'
'Game_Event' line 31 in `initialize'
'Game_Map' line 76 in `new'
'Game_Map' line 76 in `setup'
'Game_Map' line 75 in `each'
'Game_Map' line 75 in `setup'
'Scene_Main' line 205 in `generate'
'Scene_Main' line 127 in `update_top'
'Scene_Main' line 95 in `update'
'SDK::Scene_Base' line 104 in `main_loop'
'SDK::Scene_Base' line 47 in `main'
'SDK::Scene_Base' line 46 in `loop'
'SDK::Scene_Base' line 49 in `main'
'Main' line 12

===============================================================================
Sun Feb 04 00:25:28 GMT Standard Time 2024
-------------------------------------------------------------------------------
Script 'Game_Event' line 197: NoMethodError occured.

undefined method `x' for nil:NilClass

Backtrace:
'Game_Event' line 197 in `check_event_trigger_auto'
'Game_Event' line 174 in `refresh'
'Game_Event' line 31 in `initialize'
'Game_Map' line 76 in `new'
'Game_Map' line 76 in `setup'
'Game_Map' line 75 in `each'
'Game_Map' line 75 in `setup'
'Scene_Main' line 205 in `generate'
'Scene_Main' line 127 in `update_top'
'Scene_Main' line 95 in `update'
'SDK::Scene_Base' line 104 in `main_loop'
'SDK::Scene_Base' line 47 in `main'
'SDK::Scene_Base' line 46 in `loop'
'SDK::Scene_Base' line 49 in `main'
'Main' line 12

===============================================================================
Sun Feb 04 00:26:16 GMT Standard Time 2024
-------------------------------------------------------------------------------
Script 'Game_Event' line 197: NoMethodError occured.

undefined method `x' for nil:NilClass

Backtrace:
'Game_Event' line 197 in `check_event_trigger_auto'
'Game_Event' line 174 in `refresh'
'Game_Event' line 31 in `initialize'
'Game_Map' line 76 in `new'
'Game_Map' line 76 in `setup'
'Game_Map' line 75 in `each'
'Game_Map' line 75 in `setup'
'Scene_Main' line 205 in `generate'
'Scene_Main' line 127 in `update_top'
'Scene_Main' line 95 in `update'
'SDK::Scene_Base' line 104 in `main_loop'
'SDK::Scene_Base' line 47 in `main'
'SDK::Scene_Base' line 46 in `loop'
'SDK::Scene_Base' line 49 in `main'
'Main' line 12

===============================================================================
Tue Nov 19 09:00:18 GMT Standard Time 2024
-------------------------------------------------------------------------------
Script 'Game_Event' line 197: NoMethodError occured.

undefined method `x' for nil:NilClass

Backtrace:
'Game_Event' line 197 in `check_event_trigger_auto'
'Game_Event' line 174 in `refresh'
'Game_Event' line 31 in `initialize'
'Game_Map' line 76 in `new'
'Game_Map' line 76 in `setup'
'Game_Map' line 75 in `each'
'Game_Map' line 75 in `setup'
'Scene_Main' line 205 in `generate'
'Scene_Main' line 127 in `update_top'
'Scene_Main' line 95 in `update'
'SDK::Scene_Base' line 104 in `main_loop'
'SDK::Scene_Base' line 47 in `main'
'SDK::Scene_Base' line 46 in `loop'
'SDK::Scene_Base' line 49 in `main'
'Main' line 12

