=== XPX Audio Debug 2026-05-17 23:47:59 +0100 ===
pbSEPlay in Object: String=String
pbBGMPlay in Object: String=String
pbSEPlay in Object: String=String
pbSEPlay in Object: String=String
pbSEPlay in Object: String=String
pbSEPlay in Object: String=String
pbSEPlay in Object: String=String
pbSEPlay in Object: String=String
pbSEPlay in Object: String=String
pbSEPlay in Object: String=String
pbSEPlay in Object: String=String
pbSEPlay in Object: String=String
pbSEPlay in Object: String=String
pbSEPlay in Object: String=String
pbSEPlay in Object: String=String
pbSEPlay in Object: String=String
pbSEPlay in Object: String=String
pbSEPlay in Object: String=String
pbSEPlay in Object: String=String
pbSEPlay in Object: String=String
pbSEPlay in Object: String=String
pbSEPlay in Object: String=String
pbSEPlay in Object: String=String
pbSEPlay in Object: String=String
pbSEPlay in Object: String=String
pbSEPlay in Object: String=String
pbSEPlay in Object: String=String
pbSEPlay in Object: String=String
pbSEPlay in Object: String=String
pbSEPlay in Object: String=String
pbSEPlay in Object: String=String
pbSEPlay in Object: String=String
pbSEPlay in Object: String=String
pbSEPlay in Object: String=String
pbSEPlay in Object: String=String
pbSEPlay in Object: String=String
pbSEPlay in Object: String=String
pbSEPlay in Object: String=String
pbSEPlay in Object: String=String
pbSEPlay in Object: String=String
pbSEPlay in Object: String=String
pbSEPlay in Object: String=String
pbSEPlay in Object: String=String
pbSEPlay in Object: String=String
pbSEPlay in Object: String=String
pbSEPlay in Object: String=String
pbSEPlay in Object: String=String
pbSEPlay in Object: String=String
pbSEPlay in Object: String=String
pbSEPlay in Object: String=String
pbSEPlay in Object: String=String
pbSEPlay in Object: String=String
pbSEPlay in Object: String=String
pbSEPlay in Object: String=String
pbSEPlay in Object: String=String
pbSEPlay in Object: String=String
pbSEPlay in Object: String=String
pbSEPlay in Object: String=String
pbSEPlay in Object: String=String
pbSEPlay in Object: String=String
pbSEPlay in Object: String=String
pbSEPlay in Object: String=String
pbSEPlay in Object: String=String
pbSEPlay in Object: String=String
pbSEPlay in Object: String=String
pbSEPlay in Object: String=String
pbSEPlay in Object: String=String
pbSEPlay in Object: String=String
pbBGMPlay in Object: RPG::AudioFile=RPG::AudioFile
pbSEPlay in Object: String=String
pbSEPlay in Object: String=String
pbSEPlay in Object: String=String
pbSEPlay in Object: String=String
pbSEPlay in Object: String=String
pbSEPlay in Object: String=String
pbSEPlay in Object: String=String
pbSEPlay in Object: String=String
pbSEPlay in Object: String=String
pbSEPlay in Object: String=String
pbSEPlay in Object: String=String
pbSEPlay in Object: String=String
pbSEPlay in Object: String=String
pbSEPlay in Object: String=String
pbSEPlay in Object: String=String
pbSEPlay in Object: String=String
pbSEPlay in Object: String=String
pbSEPlay in Object: String=String
pbSEPlay in Object: String=String
pbSEPlay in Object: String=String
pbSEPlay in Object: String=String
pbBGMPlay in Object: RPG::AudioFile=RPG::AudioFile
pbSEPlay in Object: String=String
pbSEPlay in Object: String=String
pbSEPlay in Object: String=String
pbSEPlay in Object: String=String
pbSEPlay in Object: String=String
pbSEPlay in Object: String=String
pbSEPlay in Object: String=String
pbSEPlay in Object: String=String
pbSEPlay in Object: String=String
pbSEPlay in Object: String=String
pbSEPlay in Object: String=String
pbSEPlay in Object: String=String
pbSEPlay in Object: String=String
pbSEPlay in Object: String=String
pbSEPlay in Object: String=String
pbSEPlay in Object: String=String
pbSEPlay in Object: String=String
pbSEPlay in Object: String=String
pbSEPlay in Object: String=String
pbSEPlay in Object: String=String
pbSEPlay in Object: String=String
pbSEPlay in Object: String=String
pbSEPlay in Object: String=String
pbSEPlay in Object: String=String
pbSEPlay in Object: String=String
pbSEPlay in Object: String=String
pbSEPlay in Object: String=String
pbSEPlay in Object: String=String
pbSEPlay in Object: String=String
pbSEPlay in Object: String=String
pbSEPlay in Object: RPG::AudioFile=RPG::AudioFile
pbSEPlay in Object: String=String
pbSEPlay in Object: String=String
pbSEPlay in Object: RPG::AudioFile=RPG::AudioFile
pbSEPlay in Object: RPG::AudioFile=RPG::AudioFile
pbSEPlay in Object: String=String
pbSEPlay in Object: String=String
pbSEPlay in Object: String=String
pbSEPlay in Object: String=String
pbSEPlay in Object: String=String
pbSEPlay in Object: String=String
pbSEPlay in Object: String=String
pbSEPlay in Object: String=String
pbSEPlay in Object: String=String
pbSEPlay in Object: String=String
pbSEPlay in Object: String=String
pbSEPlay in Object: String=String
pbSEPlay in Object: String=String
pbSEPlay in Object: String=String
pbSEPlay in Object: String=String
pbSEPlay in Object: String=String
pbSEPlay in Object: String=String
pbSEPlay in Object: String=String
pbSEPlay in Object: String=String
pbSEPlay in Object: String=String
pbSEPlay in Object: String=String
pbSEPlay in Object: String=String
pbSEPlay in Object: String=String
pbSEPlay in Object: String=String
pbSEPlay in Object: String=String
pbSEPlay in Object: String=String
pbSEPlay in Object: String=String
pbSEPlay in Object: String=String
pbSEPlay in Object: String=String
pbSEPlay in Object: String=String
pbSEPlay in Object: String=String
pbSEPlay in Object: String=String
pbSEPlay in Object: String=String
pbSEPlay in Object: String=String
pbSEPlay in Object: String=String
pbSEPlay in Object: String=String
pbSEPlay in Object: String=String
pbSEPlay in Object: String=String
pbSEPlay in Object: String=String
pbSEPlay in Object: String=String
pbSEPlay in Object: String=String
pbSEPlay in Object: String=String
pbSEPlay in Object: String=String
pbSEPlay in Object: String=String
pbSEPlay in Object: String=String
pbSEPlay in Object: String=String
pbSEPlay in Object: String=String
pbSEPlay in Object: String=String
pbSEPlay in Object: String=String
pbSEPlay in Object: String=String
pbSEPlay in Object: String=String
pbSEPlay in Object: String=String
pbSEPlay in Object: String=String
pbSEPlay in Object: String=String
pbSEPlay in Object: String=String
pbSEPlay in Object: String=String
pbSEPlay in Object: String=String
pbSEPlay in Object: String=String
pbSEPlay in Object: String=String
pbSEPlay in Object: String=String
pbSEPlay in Object: String=String
pbSEPlay in Object: String=String
pbSEPlay in Object: String=String
pbSEPlay in Object: String=String
pbSEPlay in Object: String=String
pbSEPlay in Object: String=String
pbSEPlay in Object: String=String
pbSEPlay in Object: String=String
pbSEPlay in Object: String=String
pbSEPlay in Object: String=String
pbSEPlay in Object: String=String
pbSEPlay in Object: String=String
pbSEPlay in Object: String=String
pbSEPlay in Object: String=String
pbSEPlay in Object: String=String
pbSEPlay in Object: String=String
pbSEPlay in Object: String=String
pbSEPlay in Object: String=String
pbSEPlay in Object: String=String
pbSEPlay in Object: String=String
pbSEPlay in Object: String=String
pbSEPlay in Object: String=String
pbSEPlay in Object: String=String
pbSEPlay in Object: String=String
pbSEPlay in Object: String=String
pbSEPlay in Object: String=String
pbSEPlay in Object: String=String
pbSEPlay in Object: String=String
pbSEPlay in Object: String=String
pbSEPlay in Object: String=String
pbSEPlay in Object: String=String
pbSEPlay in Object: String=String
pbSEPlay in Object: String=String
pbSEPlay in Object: String=String
pbSEPlay in Object: String=String
pbSEPlay in Object: String=String
pbSEPlay in Object: String=String
pbSEPlay in Object: String=String
pbSEPlay in Object: String=String
pbSEPlay in Object: String=String
pbSEPlay in Object: String=String
pbSEPlay in Object: String=String
pbSEPlay in Object: String=String
pbSEPlay in Object: String=String
pbSEPlay in Object: String=String
pbSEPlay in Object: String=String
pbSEPlay in Object: String=String
pbSEPlay in Object: String=String
pbSEPlay in Object: String=String
pbSEPlay in Object: String=String
pbSEPlay in Object: String=String
pbSEPlay in Object: String=String
pbSEPlay in Object: String=String
pbSEPlay in Object: String=String
pbSEPlay in Object: String=String
pbSEPlay in Object: String=String
pbSEPlay in Object: String=String
pbSEPlay in Object: String=String
pbSEPlay in Object: String=String
pbSEPlay in Object: String=String
pbSEPlay in Object: String=String
pbSEPlay in Object: String=String
pbSEPlay in Object: String=String
pbSEPlay in Object: String=String
pbSEPlay in Object: String=String
pbSEPlay in Object: String=String
pbSEPlay in Object: String=String
pbSEPlay in Object: String=String
pbSEPlay in Object: String=String
pbSEPlay in Object: String=String
pbSEPlay in Object: String=String
pbSEPlay in Object: String=String
pbSEPlay in Object: String=String
pbSEPlay in Object: String=String
pbSEPlay in Object: String=String
pbSEPlay in Object: String=String
pbSEPlay in Object: String=String
pbSEPlay in Object: String=String
pbSEPlay in Object: String=String
pbSEPlay in Object: String=String
pbSEPlay in Object: String=String
pbSEPlay in Object: String=String
pbSEPlay in Object: String=String
pbSEPlay in Object: String=String
pbSEPlay in Object: String=String
pbSEPlay in Object: String=String
pbSEPlay in Object: String=String
pbSEPlay in Object: String=String
pbSEPlay in Object: String=String
pbSEPlay in Object: String=String
pbSEPlay in Object: String=String
pbSEPlay in Object: String=String
pbSEPlay in Object: String=String
pbSEPlay in Object: String=String
pbSEPlay in Object: String=String
pbSEPlay in Object: String=String
pbSEPlay in Object: String=String
pbSEPlay in Object: String=String
pbSEPlay in Object: String=String
pbSEPlay in Object: String=String
pbSEPlay in Object: String=String
pbSEPlay in Object: String=String
pbSEPlay in Object: String=String
pbSEPlay in Object: String=String
pbSEPlay in Object: String=String
pbSEPlay in Object: String=String
pbSEPlay in Object: String=String
pbSEPlay in Object: String=String
pbSEPlay in Object: String=String
pbSEPlay in Object: String=String
