=== XPX Debug Log 2026-06-08 14:20:18 +0100 ===
Ruby: 3.1.3 Platform: x64-mingw32
GAME_ROOT : C:/Users/Vena/Documents/folders/RPGMaker/Pokemon IA XPX
MAPS_DIR  : C:/Users/Vena/Documents/folders/RPGMaker/Pokemon IA XPX/Data/maps
LOG_PATH  : C:/Users/Vena/Documents/folders/RPGMaker/Pokemon IA XPX/logs/xpx_debug.log
$0        : -e
[14:20:18] Boot started. MAPS_DIR=C:/Users/Vena/Documents/folders/RPGMaker/Pokemon IA XPX/Data/maps
[14:20:18] Ruby: 3.1.3, JSON available: YES
[14:20:18] Platform: x64-mingw32, encoding default_external=UTF-8, default_internal=UTF-8
[14:20:18] === Runtime file inventory ===
[14:20:18]   Game.exe: 29110999 bytes, mtime=2026-06-02 12:28:44
[14:20:18]   MapMaker.dll: 57477 bytes, mtime=2010-09-07 18:28:12
[14:20:18]   MapMaker.exe: 131072 bytes, mtime=2008-07-09 11:18:56
[14:20:18]   RGSS102E.dll: 778752 bytes, mtime=2020-09-04 18:25:56
[14:20:18]   RGSS104E.dll: 758272 bytes, mtime=2024-03-07 16:17:40
[14:20:18]   animmaker.exe: 10240 bytes, mtime=2023-08-01 20:11:26
[14:20:18]   extendtext.exe: 4640 bytes, mtime=2023-08-01 20:11:26
[14:20:18]   x64-msvcrt-ruby310.dll: 10240557 bytes, mtime=2026-06-02 12:28:44
[14:20:18]   zlib1.dll: 128488 bytes, mtime=2026-06-02 12:29:08
[14:20:18] System.rxdata: 4658 bytes, mtime=2026-06-08 14:14:50
[14:20:18] System.rxdata @start_map_id=1 @start_x=9 @start_y=7
[14:20:18] Indexed 107 maps
[14:20:18] Autotile DB: 50 entries loaded from XPX_AutotileDatabase.xpxdata
[14:20:18] load_data patched
[14:20:18] data_maps guard installed
[14:20:18] pbRgssExists? patched
[14:20:18] compiler safety patched
[14:20:18] Start map 1 has 3 events: 4:Intro(Autorun), 2:Quick start intro(Action), 3:EV003(Action)
[14:20:18] Autorun events on start map: 4:Intro
[14:20:18] Boot complete
[14:20:18] TilesetBitmaps patched for XPX extras-shift remap
[14:20:18] AutotileBitmaps patched for is_water_type override (true/false)
[14:20:18] EXTRA_AUTOTILES populated for 0 tileset(s)
[14:20:18] Extra slot translation table built for 107 tileset(s)
[14:20:18] EXTRA_AUTOTILES populated for 0 tileset(s)
[14:20:18] Extra slot translation table built for 107 tileset(s)
[14:20:18] EXTRA_AUTOTILES populated for 0 tileset(s)
[14:20:18] Extra slot translation table built for 107 tileset(s)
